<?xml version="1.0" encoding="UTF-8"?>
<!-- Generated by org.testng.reporters.JUnitReportReporter -->
<testsuite hostname="IM1-FM7Y0X2" failures="0" tests="1" name="mavenPractice.maven_Demo.SeleniumTest" time="0.013" errors="0" timestamp="2021-08-29T01:54:28 IST" skipped="0">
  <testcase classname="mavenPractice.maven_Demo.SeleniumTest" name="BrowserAutomation" time="0.013"/>
  <system-out/>
</testsuite> <!-- mavenPractice.maven_Demo.SeleniumTest -->
