<?xml version="1.0" encoding="UTF-8"?>
<!-- Generated by org.testng.reporters.JUnitReportReporter -->
<testsuite hostname="IM1-FM7Y0X2" failures="0" tests="2" name="mavenPractice.maven_Demo.SeleniumTest" time="0.000" errors="0" timestamp="2021-08-29T02:47:55 IST" skipped="0">
  <testcase classname="mavenPractice.maven_Demo.SeleniumTest" name="ElementsUi" time="0.000"/>
  <system-out/>
  <testcase classname="mavenPractice.maven_Demo.SeleniumTest" name="BrowserAutomation" time="0.000"/>
  <system-out/>
</testsuite> <!-- mavenPractice.maven_Demo.SeleniumTest -->
