<?xml version="1.0" encoding="UTF-8"?>
<!-- Generated by org.testng.reporters.JUnitReportReporter -->
<testsuite hostname="IM1-FM7Y0X2" failures="0" tests="2" name="mavenPractice.maven_Demo.AppiumTest" time="0.001" errors="0" timestamp="2021-08-29T02:48:14 IST" skipped="0">
  <testcase classname="mavenPractice.maven_Demo.AppiumTest" name="iOSapp" time="0.001"/>
  <system-out/>
  <testcase classname="mavenPractice.maven_Demo.AppiumTest" name="nativeApp" time="0.000"/>
  <system-out/>
</testsuite> <!-- mavenPractice.maven_Demo.AppiumTest -->
