<?xml version="1.0" encoding="UTF-8"?>
<!-- Generated by org.testng.reporters.JUnitReportReporter -->
<testsuite hostname="IM1-FM7Y0X2" failures="0" tests="2" name="mavenPractice.maven_Demo.RestAPITest" time="0.006" errors="0" timestamp="2021-08-29T02:48:14 IST" skipped="0">
  <testcase classname="mavenPractice.maven_Demo.RestAPITest" name="deleteTwitter" time="0.006"/>
  <system-out/>
  <testcase classname="mavenPractice.maven_Demo.RestAPITest" name="postJira" time="0.000"/>
  <system-out/>
</testsuite> <!-- mavenPractice.maven_Demo.RestAPITest -->
